0 info it worked if it ends with ok
1 verbose cli [ '/usr/local/Cellar/node/4.1.1/bin/node',
1 verbose cli   '/usr/local/bin/npm',
1 verbose cli   'install',
1 verbose cli   'linebyline',
1 verbose cli   '--save-devcd',
1 verbose cli   '..' ]
2 info using npm@2.14.4
3 info using node@v4.1.1
4 verbose install initial load of /Users/mateuszbosek/Sites/angular-console/package.json
5 verbose installManyTop reading scoped package data from /Users/mateuszbosek/Sites/angular-console/node_modules/linebyline/package.json
6 verbose installManyTop reading scoped package data from /Users/mateuszbosek/Sites/angular-console/node_modules/prompt/package.json
7 info package.json prompt@0.2.14 No license field.
8 info package.json linebyline@1.2.1 license should be a valid SPDX license expression
9 verbose readDependencies loading dependencies from /Users/mateuszbosek/Sites/angular-console/package.json
10 verbose install linebyline is installed as 1.2.1
11 silly cache add args [ 'linebyline', null ]
12 verbose cache add spec linebyline
13 silly cache add args [ '..', null ]
14 verbose cache add spec ..
15 silly cache add parsed spec Result {
15 silly cache add   raw: 'linebyline',
15 silly cache add   scope: null,
15 silly cache add   name: 'linebyline',
15 silly cache add   rawSpec: '',
15 silly cache add   spec: '*',
15 silly cache add   type: 'range' }
16 silly addNamed linebyline@*
17 verbose addNamed "*" is a valid semver range for linebyline
18 silly addNameRange { name: 'linebyline', range: '*', hasData: false }
19 silly mapToRegistry name linebyline
20 silly mapToRegistry using default registry
21 silly mapToRegistry registry https://registry.npmjs.org/
22 silly mapToRegistry uri https://registry.npmjs.org/linebyline
23 verbose addNameRange registry:https://registry.npmjs.org/linebyline not in flight; fetching
24 silly cache add parsed spec Result {
24 silly cache add   raw: '..',
24 silly cache add   scope: null,
24 silly cache add   name: null,
24 silly cache add   rawSpec: '..',
24 silly cache add   spec: '/Users/mateuszbosek/Sites',
24 silly cache add   type: 'local' }
25 error addLocal Could not install /Users/mateuszbosek/Sites
26 verbose request uri https://registry.npmjs.org/linebyline
27 verbose request no auth needed
28 info attempt registry request try #1 at 8:48:30 AM
29 verbose request id 9c57cad9023df9b2
30 verbose etag "1X9MK4DFT8D2CHR2M7M377V2T"
31 http request GET https://registry.npmjs.org/linebyline
32 http 304 https://registry.npmjs.org/linebyline
33 silly get cb [ 304,
33 silly get   { date: 'Wed, 25 Nov 2015 07:48:31 GMT',
33 silly get     via: '1.1 varnish',
33 silly get     'cache-control': 'max-age=60',
33 silly get     etag: '"1X9MK4DFT8D2CHR2M7M377V2T"',
33 silly get     age: '0',
33 silly get     connection: 'keep-alive',
33 silly get     'x-served-by': 'cache-ams4142-AMS',
33 silly get     'x-cache': 'MISS',
33 silly get     'x-cache-hits': '0',
33 silly get     'x-timer': 'S1448437711.288650,VS0,VE178',
33 silly get     vary: 'Accept' } ]
34 verbose etag https://registry.npmjs.org/linebyline from cache
35 verbose get saving linebyline to /Users/mateuszbosek/.npm/registry.npmjs.org/linebyline/.cache.json
36 silly addNameRange number 2 { name: 'linebyline', range: '*', hasData: true }
37 silly addNameRange versions [ 'linebyline',
37 silly addNameRange   [ '0.0.3',
37 silly addNameRange     '0.0.4',
37 silly addNameRange     '0.0.5',
37 silly addNameRange     '0.0.6',
37 silly addNameRange     '0.0.7',
37 silly addNameRange     '0.0.8',
37 silly addNameRange     '0.0.9',
37 silly addNameRange     '1.0.0',
37 silly addNameRange     '1.0.1',
37 silly addNameRange     '1.1.0',
37 silly addNameRange     '1.2.0',
37 silly addNameRange     '1.2.1' ] ]
38 silly addNamed linebyline@1.2.1
39 verbose addNamed "1.2.1" is a plain semver version for linebyline
40 silly cache afterAdd linebyline@1.2.1
41 verbose afterAdd /Users/mateuszbosek/.npm/linebyline/1.2.1/package/package.json not in flight; writing
42 verbose afterAdd /Users/mateuszbosek/.npm/linebyline/1.2.1/package/package.json written
43 verbose stack Error: EISDIR: illegal operation on a directory, read
43 verbose stack     at Error (native)
44 verbose cwd /Users/mateuszbosek/Sites/angular-console
45 error Darwin 15.0.0
46 error argv "/usr/local/Cellar/node/4.1.1/bin/node" "/usr/local/bin/npm" "install" "linebyline" "--save-devcd" ".."
47 error node v4.1.1
48 error npm  v2.14.4
49 error code EISDIR
50 error errno -21
51 error syscall read
52 error eisdir EISDIR: illegal operation on a directory, read
52 error eisdir This is most likely not a problem with npm itself
52 error eisdir and is related to npm not being able to find a package.json in
52 error eisdir a package you are trying to install.
53 verbose exit [ -21, true ]
